#
# A fatal error has been detected by the Java Runtime Environment:
#
#  EXCEPTION_ACCESS_VIOLATION (0xc0000005) at pc=0x000000005f9e8845, pid=4008, tid=844
#
# JRE version: Java(TM) SE Runtime Environment (8.0_60-b27) (build 1.8.0_60-b27)
# Java VM: Java HotSpot(TM) 64-Bit Server VM (25.60-b23 mixed mode windows-amd64 compressed oops)
# Problematic frame:
# V  [jvm.dll+0x128845]
#
# Failed to write core dump. Minidumps are not enabled by default on client versions of Windows
#
# If you would like to submit a bug report, please visit:
#   http://bugreport.java.com/bugreport/crash.jsp
#

---------------  T H R E A D  ---------------

Current thread (0x000000001ba30000):  JavaThread "JDWP Transport Listener: dt_socket" daemon [_thread_in_vm, id=844, stack(0x000000001d340000,0x000000001d440000)]

siginfo: ExceptionCode=0xc0000005, reading address 0xffffffffffffffff

Registers:
RAX=0x000000001d43f401, RBX=0x000000001ba30000, RCX=0x43656c694672614a, RDX=0x0000000000000000
RSP=0x000000001d43f440, RBP=0x43656c694672614a, RSI=0x000000001d43f558, RDI=0x0000000000977af0
R8 =0x000000001ba30000, R9 =0x0000000000008000, R10=0x0000000000000000, R11=0x000000001e1b0763
R12=0x0000000000000000, R13=0x000000001ba25328, R14=0x0000000000000000, R15=0x0000000000000000
RIP=0x000000005f9e8845, EFLAGS=0x0000000000010202

Top of Stack: (sp=0x000000001d43f440)
0x000000001d43f440:   000000001ba30000 000000001ba30000
0x000000001d43f450:   000000001d43f508 000000005fbee18b
0x000000001d43f460:   000000001ba30000 000000005fc0a9ed
0x000000001d43f470:   0000000000000000 000000005f859155
0x000000001d43f480:   000000001d899a48 000000005f86291e
0x000000001d43f490:   000000001ba30000 0000000000000000
0x000000001d43f4a0:   0000000000000000 0000000000000000
0x000000001d43f4b0:   43656c694672614a 000000005f861a15
0x000000001d43f4c0:   000000001d43f558 000000001d43f530
0x000000001d43f4d0:   0000000000000001 000000001d899a48
0x000000001d43f4e0:   43656c694672614a 000000005f8453b3
0x000000001d43f4f0:   000000001d43f620 0000000000000001
0x000000001d43f500:   0000000000000001 000000001d899a48
0x000000001d43f510:   0000000000000001 0000000000000000
0x000000001d43f520:   0000000000000000 0000000000000000
0x000000001d43f530:   0000000000000001 000000005f845571 

Instructions: (pc=0x000000005f9e8845)
0x000000005f9e8825:   cc cc cc cc cc cc cc cc cc cc cc 48 83 ec 28 48
0x000000005f9e8835:   85 c9 75 07 33 c0 48 83 c4 28 c3 48 89 5c 24 20
0x000000005f9e8845:   48 8b 19 48 85 db 74 20 48 83 fb 37 74 1a 48 8b
0x000000005f9e8855:   13 48 8b cb ff 52 10 84 c0 74 0d 48 8b c3 48 8b 


Register to memory mapping:

RAX=0x000000001d43f401 is pointing into the stack for thread: 0x000000001ba30000
RBX=0x000000001ba30000 is a thread
RCX=0x43656c694672614a is an unknown value
RDX=0x0000000000000000 is an unknown value
RSP=0x000000001d43f440 is pointing into the stack for thread: 0x000000001ba30000
RBP=0x43656c694672614a is an unknown value
RSI=0x000000001d43f558 is pointing into the stack for thread: 0x000000001ba30000
RDI=0x0000000000977af0 is an unknown value
R8 =0x000000001ba30000 is a thread
R9 =0x0000000000008000 is an unknown value
R10=0x0000000000000000 is an unknown value
R11=0x000000001e1b0763 is an unknown value
R12=0x0000000000000000 is an unknown value
R13=0x000000001ba25328 is an unknown value
R14=0x0000000000000000 is an unknown value
R15=0x0000000000000000 is an unknown value


Stack: [0x000000001d340000,0x000000001d440000],  sp=0x000000001d43f440,  free space=1021k
Native frames: (J=compiled Java code, j=interpreted, Vv=VM code, C=native code)
V  [jvm.dll+0x128845]
V  [jvm.dll+0x34a9ed]
C  [jdwp.dll+0x21a15]
C  [jdwp.dll+0x53b3]
C  [jdwp.dll+0x5571]
C  [jdwp.dll+0xf0a8]
C  [jdwp.dll+0x1f2d5]
C  [jdwp.dll+0x1f4aa]
V  [jvm.dll+0x1bb8e8]
V  [jvm.dll+0x243134]
V  [jvm.dll+0x299f6a]
C  [msvcr100.dll+0x21d9f]
C  [msvcr100.dll+0x21e3b]
C  [KERNEL32.DLL+0x13d2]
C  [ntdll.dll+0x154e4]


---------------  P R O C E S S  ---------------

Java Threads: ( => current thread )
  0x000000001ecfb000 JavaThread "ActiveMQ InactivityMonitor Worker" daemon [_thread_blocked, id=5248, stack(0x0000000020910000,0x0000000020a10000)]
  0x00000000021f2800 JavaThread "DestroyJavaVM" [_thread_blocked, id=4632, stack(0x0000000000980000,0x0000000000a80000)]
  0x000000001e20a800 JavaThread "pool-2-thread-1" daemon [_thread_blocked, id=10160, stack(0x0000000020410000,0x0000000020510000)]
  0x000000001d888000 JavaThread "cluster-ClusterId{value='59125b56143c5d0fa836d62c', description='null'}-mblinux:27017" daemon [_thread_blocked, id=2884, stack(0x0000000020310000,0x0000000020410000)]
  0x000000001e373800 JavaThread "ActiveMQ InactivityMonitor WriteCheckTimer" daemon [_thread_blocked, id=2120, stack(0x000000001fe10000,0x000000001ff10000)]
  0x000000001e382800 JavaThread "ActiveMQ InactivityMonitor ReadCheckTimer" daemon [_thread_blocked, id=10004, stack(0x000000001fd10000,0x000000001fe10000)]
  0x000000001e37b800 JavaThread "ActiveMQ Transport: tcp://mblinux/192.168.1.198:61616@58704" [_thread_in_native, id=3200, stack(0x000000001fc10000,0x000000001fd10000)]
  0x000000001ba7e800 JavaThread "Service Thread" daemon [_thread_blocked, id=2960, stack(0x000000001dd40000,0x000000001de40000)]
  0x000000001d768800 JavaThread "C1 CompilerThread2" daemon [_thread_blocked, id=964, stack(0x000000001dc40000,0x000000001dd40000)]
  0x000000001ba59800 JavaThread "C2 CompilerThread1" daemon [_thread_blocked, id=4440, stack(0x000000001db40000,0x000000001dc40000)]
  0x000000001ba45000 JavaThread "C2 CompilerThread0" daemon [_thread_blocked, id=9900, stack(0x000000001d640000,0x000000001d740000)]
  0x000000001ba37000 JavaThread "JDWP Command Reader" daemon [_thread_in_native, id=6316, stack(0x000000001d540000,0x000000001d640000)]
  0x000000001ba32800 JavaThread "JDWP Event Helper Thread" daemon [_thread_blocked, id=3312, stack(0x000000001d440000,0x000000001d540000)]
=>0x000000001ba30000 JavaThread "JDWP Transport Listener: dt_socket" daemon [_thread_in_vm, id=844, stack(0x000000001d340000,0x000000001d440000)]
  0x000000001ba19800 JavaThread "Attach Listener" daemon [_thread_blocked, id=6964, stack(0x000000001cf60000,0x000000001d060000)]
  0x000000001ba2e800 JavaThread "Signal Dispatcher" daemon [_thread_blocked, id=1116, stack(0x000000001ce60000,0x000000001cf60000)]
  0x00000000022e7800 JavaThread "Finalizer" daemon [_thread_blocked, id=4976, stack(0x000000001cc80000,0x000000001cd80000)]
  0x00000000022df000 JavaThread "Reference Handler" daemon [_thread_blocked, id=1452, stack(0x000000001cb80000,0x000000001cc80000)]

Other Threads:
  0x000000001b9e7800 VMThread [stack: 0x000000001ca80000,0x000000001cb80000] [id=7160]
  0x000000001d7b0000 WatcherThread [stack: 0x000000001de40000,0x000000001df40000] [id=9240]

VM state:not at safepoint (normal execution)

VM Mutex/Monitor currently owned by a thread: None

Heap:
 PSYoungGen      total 76288K, used 8909K [0x000000076af00000, 0x0000000770400000, 0x00000007c0000000)
  eden space 65536K, 13% used [0x000000076af00000,0x000000076b7b3548,0x000000076ef00000)
  from space 10752K, 0% used [0x000000076f980000,0x000000076f980000,0x0000000770400000)
  to   space 10752K, 0% used [0x000000076ef00000,0x000000076ef00000,0x000000076f980000)
 ParOldGen       total 70656K, used 4729K [0x00000006c0c00000, 0x00000006c5100000, 0x000000076af00000)
  object space 70656K, 6% used [0x00000006c0c00000,0x00000006c109e7f8,0x00000006c5100000)
 Metaspace       used 21043K, capacity 21344K, committed 21552K, reserved 1069056K
  class space    used 2561K, capacity 2645K, committed 2688K, reserved 1048576K

Card table byte_map: [0x0000000011780000,0x0000000011f80000] byte_map_base: 0x000000000e17a000

Marking Bits: (ParMarkBitMap*) 0x00000000600ca5b0
 Begin Bits: [0x00000000128e0000, 0x00000000168b0000)
 End Bits:   [0x00000000168b0000, 0x000000001a880000)

Polling page: 0x0000000000920000

CodeCache: size=245760Kb used=6387Kb max_used=6395Kb free=239372Kb
 bounds [0x00000000023c0000, 0x0000000002a10000, 0x00000000113c0000]
 total_blobs=2450 nmethods=2037 adapters=333
 compilation: enabled

Compilation events (10 events):
Event: 3044.328 Thread 0x000000001d768800 2212       1       java.util.concurrent.locks.AbstractQueuedSynchronizer::compareAndSetState (13 bytes)
Event: 3044.328 Thread 0x000000001d768800 nmethod 2212 0x00000000027a0890 code [0x00000000027a09e0, 0x00000000027a0b10]
Event: 3136.880 Thread 0x000000001ba45000 2213       4       java.util.LinkedHashMap::newNode (23 bytes)
Event: 3136.882 Thread 0x000000001ba45000 nmethod 2213 0x00000000025735d0 code [0x0000000002573720, 0x0000000002573898]
Event: 3214.335 Thread 0x000000001d768800 2214       3       java.util.concurrent.SynchronousQueue$TransferStack$SNode::tryMatch (56 bytes)
Event: 3214.336 Thread 0x000000001d768800 nmethod 2214 0x0000000002a05810 code [0x0000000002a059a0, 0x0000000002a05e08]
Event: 3276.903 Thread 0x000000001ba59800 2215       4       java.util.LinkedHashMap::afterNodeInsertion (40 bytes)
Event: 3276.905 Thread 0x000000001ba59800 nmethod 2215 0x000000000287ea90 code [0x000000000287ebe0, 0x000000000287ec98]
Event: 3306.908 Thread 0x000000001d768800 2216       3       org.bson.BsonDocument::<init> (58 bytes)
Event: 3306.909 Thread 0x000000001d768800 nmethod 2216 0x0000000002a070d0 code [0x0000000002a072c0, 0x0000000002a07bb8]

GC Heap History (6 events):
Event: 7.335 GC heap before
{Heap before GC invocations=1 (full 0):
 PSYoungGen      total 76288K, used 65536K [0x000000076af00000, 0x0000000770400000, 0x00000007c0000000)
  eden space 65536K, 100% used [0x000000076af00000,0x000000076ef00000,0x000000076ef00000)
  from space 10752K, 0% used [0x000000076f980000,0x000000076f980000,0x0000000770400000)
  to   space 10752K, 0% used [0x000000076ef00000,0x000000076ef00000,0x000000076f980000)
 ParOldGen       total 175104K, used 0K [0x00000006c0c00000, 0x00000006cb700000, 0x000000076af00000)
  object space 175104K, 0% used [0x00000006c0c00000,0x00000006c0c00000,0x00000006cb700000)
 Metaspace       used 19806K, capacity 20042K, committed 20224K, reserved 1067008K
  class space    used 2452K, capacity 2514K, committed 2560K, reserved 1048576K
Event: 7.347 GC heap after
Heap after GC invocations=1 (full 0):
 PSYoungGen      total 76288K, used 10499K [0x000000076af00000, 0x0000000770400000, 0x00000007c0000000)
  eden space 65536K, 0% used [0x000000076af00000,0x000000076af00000,0x000000076ef00000)
  from space 10752K, 97% used [0x000000076ef00000,0x000000076f940f20,0x000000076f980000)
  to   space 10752K, 0% used [0x000000076f980000,0x000000076f980000,0x0000000770400000)
 ParOldGen       total 175104K, used 88K [0x00000006c0c00000, 0x00000006cb700000, 0x000000076af00000)
  object space 175104K, 0% used [0x00000006c0c00000,0x00000006c0c16010,0x00000006cb700000)
 Metaspace       used 19806K, capacity 20042K, committed 20224K, reserved 1067008K
  class space    used 2452K, capacity 2514K, committed 2560K, reserved 1048576K
}
Event: 262.080 GC heap before
{Heap before GC invocations=2 (full 0):
 PSYoungGen      total 76288K, used 23820K [0x000000076af00000, 0x0000000770400000, 0x00000007c0000000)
  eden space 65536K, 20% used [0x000000076af00000,0x000000076bc02320,0x000000076ef00000)
  from space 10752K, 97% used [0x000000076ef00000,0x000000076f940f20,0x000000076f980000)
  to   space 10752K, 0% used [0x000000076f980000,0x000000076f980000,0x0000000770400000)
 ParOldGen       total 175104K, used 88K [0x00000006c0c00000, 0x00000006cb700000, 0x000000076af00000)
  object space 175104K, 0% used [0x00000006c0c00000,0x00000006c0c16010,0x00000006cb700000)
 Metaspace       used 20860K, capacity 21152K, committed 21296K, reserved 1069056K
  class space    used 2560K, capacity 2645K, committed 2688K, reserved 1048576K
Event: 262.086 GC heap after
Heap after GC invocations=2 (full 0):
 PSYoungGen      total 76288K, used 4767K [0x000000076af00000, 0x0000000770400000, 0x00000007c0000000)
  eden space 65536K, 0% used [0x000000076af00000,0x000000076af00000,0x000000076ef00000)
  from space 10752K, 44% used [0x000000076f980000,0x000000076fe27fd8,0x0000000770400000)
  to   space 10752K, 0% used [0x000000076ef00000,0x000000076ef00000,0x000000076f980000)
 ParOldGen       total 175104K, used 96K [0x00000006c0c00000, 0x00000006cb700000, 0x000000076af00000)
  object space 175104K, 0% used [0x00000006c0c00000,0x00000006c0c18010,0x00000006cb700000)
 Metaspace       used 20860K, capacity 21152K, committed 21296K, reserved 1069056K
  class space    used 2560K, capacity 2645K, committed 2688K, reserved 1048576K
}
Event: 262.086 GC heap before
{Heap before GC invocations=3 (full 1):
 PSYoungGen      total 76288K, used 4767K [0x000000076af00000, 0x0000000770400000, 0x00000007c0000000)
  eden space 65536K, 0% used [0x000000076af00000,0x000000076af00000,0x000000076ef00000)
  from space 10752K, 44% used [0x000000076f980000,0x000000076fe27fd8,0x0000000770400000)
  to   space 10752K, 0% used [0x000000076ef00000,0x000000076ef00000,0x000000076f980000)
 ParOldGen       total 175104K, used 96K [0x00000006c0c00000, 0x00000006cb700000, 0x000000076af00000)
  object space 175104K, 0% used [0x00000006c0c00000,0x00000006c0c18010,0x00000006cb700000)
 Metaspace       used 20860K, capacity 21152K, committed 21296K, reserved 1069056K
  class space    used 2560K, capacity 2645K, committed 2688K, reserved 1048576K
Event: 262.122 GC heap after
Heap after GC invocations=3 (full 1):
 PSYoungGen      total 76288K, used 0K [0x000000076af00000, 0x0000000770400000, 0x00000007c0000000)
  eden space 65536K, 0% used [0x000000076af00000,0x000000076af00000,0x000000076ef00000)
  from space 10752K, 0% used [0x000000076f980000,0x000000076f980000,0x0000000770400000)
  to   space 10752K, 0% used [0x000000076ef00000,0x000000076ef00000,0x000000076f980000)
 ParOldGen       total 70656K, used 4729K [0x00000006c0c00000, 0x00000006c5100000, 0x000000076af00000)
  object space 70656K, 6% used [0x00000006c0c00000,0x00000006c109e7f8,0x00000006c5100000)
 Metaspace       used 20860K, capacity 21152K, committed 21296K, reserved 1069056K
  class space    used 2560K, capacity 2645K, committed 2688K, reserved 1048576K
}

Deoptimization events (10 events):
Event: 7.560 Thread 0x00000000021f2800 Uncommon trap: reason=range_check action=none pc=0x000000000285e0a4 method=sun.reflect.generics.parser.SignatureParser.current()C @ 34
Event: 7.573 Thread 0x00000000021f2800 Uncommon trap: reason=range_check action=none pc=0x000000000285e0a4 method=sun.reflect.generics.parser.SignatureParser.current()C @ 34
Event: 7.574 Thread 0x00000000021f2800 Uncommon trap: reason=range_check action=none pc=0x000000000285e0a4 method=sun.reflect.generics.parser.SignatureParser.current()C @ 34
Event: 7.740 Thread 0x00000000021f2800 Uncommon trap: reason=class_check action=maybe_recompile pc=0x0000000002591024 method=java.lang.String.equals(Ljava/lang/Object;)Z @ 8
Event: 7.744 Thread 0x00000000021f2800 Uncommon trap: reason=class_check action=maybe_recompile pc=0x0000000002591024 method=java.lang.String.equals(Ljava/lang/Object;)Z @ 8
Event: 7.744 Thread 0x00000000021f2800 Uncommon trap: reason=class_check action=maybe_recompile pc=0x0000000002591024 method=java.lang.String.equals(Ljava/lang/Object;)Z @ 8
Event: 7.746 Thread 0x00000000021f2800 Uncommon trap: reason=class_check action=maybe_recompile pc=0x0000000002591024 method=java.lang.String.equals(Ljava/lang/Object;)Z @ 8
Event: 7.771 Thread 0x00000000021f2800 Uncommon trap: reason=unstable_if action=reinterpret pc=0x00000000026d45e0 method=java.lang.String.regionMatches(ZILjava/lang/String;II)Z @ 123
Event: 7.787 Thread 0x00000000021f2800 Uncommon trap: reason=unstable_if action=reinterpret pc=0x0000000002889854 method=java.lang.reflect.Method.equals(Ljava/lang/Object;)Z @ 1
Event: 7.834 Thread 0x00000000021f2800 Uncommon trap: reason=bimorphic action=maybe_recompile pc=0x000000000291ba48 method=java.util.concurrent.ConcurrentHashMap.get(Ljava/lang/Object;)Ljava/lang/Object; @ 149

Internal exceptions (10 events):
Event: 7.605 Thread 0x00000000021f2800 Exception <a 'java/lang/ClassNotFoundException': org/springframework/beans/factory/DisposableBeanCustomizer> (0x000000076b23e618) thrown at [C:\re\workspace\8-2-build-windows-amd64-cygwin\jdk8u60\4407\hotspot\src\share\vm\classfile\systemDictionary.cpp, li1*”FúÓ@
Event: 7.707 Thread 0x00000000021f2800 Exception <a 'java/lang/ClassNotFoundException': org/springframework/jmx/export/metadata/ManagedResourceBeanInfo> (0x000000076b35d048) thrown at [C:\re\workspace\8-2-build-windows-amd64-cygwin\jdk8u60\4407\hotspot\src\share\vm\classfile\systemDictionary.cpÄ¥ÄÚ@
Event: 7.714 Thread 0x00000000021f2800 Exception <a 'java/lang/ClassNotFoundException': org/springframework/jmx/export/metadata/AbstractJmxAttributeBeanInfo> (0x000000076b36b800) thrown at [C:\re\workspace\8-2-build-windows-amd64-cygwin\jdk8u60\4407\hotspot\src\share\vm\classfile\systemDictiona9xyÐá@
Event: 7.721 Thread 0x00000000021f2800 Exception <a 'java/lang/ClassNotFoundException': org/springframework/jmx/export/metadata/AbstractJmxAttributeCustomizer> (0x000000076b37a3d0) thrown at [C:\re\workspace\8-2-build-windows-amd64-cygwin\jdk8u60\4407\hotspot\src\share\vm\classfile\systemDictio‰G€ü×è@
Event: 7.727 Thread 0x00000000021f2800 Exception <a 'java/lang/ClassNotFoundException': org/springframework/jmx/export/metadata/ManagedResourceCustomizer> (0x000000076b38e6e0) thrown at [C:\re\workspace\8-2-build-windows-amd64-cygwin\jdk8u60\4407\hotspot\src\share\vm\classfile\systemDictionary.
Event: 7.779 Thread 0x00000000021f2800 Exception <a 'java/lang/ClassNotFoundException': com/moneymachine/spring/DataLoader/TickerDataLoaderBeanInfo> (0x000000076b409160) thrown at [C:\re\workspace\8-2-build-windows-amd64-cygwin\jdk8u60\4407\hotspot\src\share\vm\classfile\systemDictionary.cpp, l‡Þãt(%@
Event: 7.786 Thread 0x00000000021f2800 Exception <a 'java/lang/ClassNotFoundException': com/moneymachine/spring/DataLoader/TickerDataLoaderCustomizer> (0x000000076b416358) thrown at [C:\re\workspace\8-2-build-windows-amd64-cygwin\jdk8u60\4407\hotspot\src\share\vm\classfile\systemDictionary.cpp,ËáàÃ%@
Event: 7.787 Thread 0x00000000021f2800 Implicit null exception at 0x000000000288978c to 0x0000000002889841
Event: 7.802 Thread 0x00000000021f2800 Exception <a 'java/lang/ClassNotFoundException': org/springframework/jmx/export/metadata/ManagedOperationBeanInfo> (0x000000076b4406d0) thrown at [C:\re\workspace\8-2-build-windows-amd64-cygwin\jdk8u60\4407\hotspot\src\share\vm\classfile\systemDictionary.cö· <@
Event: 7.809 Thread 0x00000000021f2800 Exception <a 'java/lang/ClassNotFoundException': org/springframework/jmx/export/metadata/ManagedOperationCustomizer> (0x000000076b44e908) thrown at [C:\re\workspace\8-2-build-windows-amd64-cygwin\jdk8u60\4407\hotspot\src\share\vm\classfile\systemDictionaryæ¥*úÍk@

Events (10 events):
Event: 2930.582 Executing VM operation: RedefineClasses
Event: 2930.596 Executing VM operation: RedefineClasses done
Event: 2930.605 Executing VM operation: ChangeBreakpoints
Event: 2930.606 Executing VM operation: ChangeBreakpoints done
Event: 3035.668 Executing VM operation: RedefineClasses
Event: 3035.680 Executing VM operation: RedefineClasses done
Event: 3035.689 Executing VM operation: ChangeBreakpoints
Event: 3035.690 Executing VM operation: ChangeBreakpoints done
Event: 3327.677 Executing VM operation: RedefineClasses
Event: 3327.689 Executing VM operation: RedefineClasses done


Dynamic libraries:
0x00007ff74cd30000 - 0x00007ff74cd67000 	C:\jdk1.8\jre\bin\javaw.exe
0x00007ffa65e80000 - 0x00007ffa6602d000 	C:\WINDOWS\SYSTEM32\ntdll.dll
0x00007ffa638f0000 - 0x00007ffa63a2e000 	C:\WINDOWS\system32\KERNEL32.DLL
0x00007ffa633e0000 - 0x00007ffa634f5000 	C:\WINDOWS\system32\KERNELBASE.dll
0x00007ffa61b60000 - 0x00007ffa61bee000 	C:\WINDOWS\system32\apphelp.dll
0x00007ffa5e0d0000 - 0x00007ffa5e123000 	C:\WINDOWS\AppPatch\AppPatch64\AcGenral.DLL
0x00007ffa65dd0000 - 0x00007ffa65e7a000 	C:\WINDOWS\system32\msvcrt.dll
0x00007ffa631d0000 - 0x00007ffa631fe000 	C:\WINDOWS\system32\SspiCli.dll
0x00007ffa63a90000 - 0x00007ffa63ae4000 	C:\WINDOWS\system32\SHLWAPI.dll
0x00007ffa63560000 - 0x00007ffa636d7000 	C:\WINDOWS\system32\USER32.dll
0x00007ffa658a0000 - 0x00007ffa65a34000 	C:\WINDOWS\system32\ole32.dll
0x00007ffa63e00000 - 0x00007ffa65328000 	C:\WINDOWS\system32\SHELL32.dll
0x00007ffa62620000 - 0x00007ffa62641000 	C:\WINDOWS\SYSTEM32\USERENV.dll
0x00007ffa636e0000 - 0x00007ffa6378a000 	C:\WINDOWS\system32\ADVAPI32.dll
0x00007ffa55ca0000 - 0x00007ffa55cbe000 	C:\WINDOWS\SYSTEM32\MPR.dll
0x00007ffa63cc0000 - 0x00007ffa63e00000 	C:\WINDOWS\system32\RPCRT4.dll
0x00007ffa63a30000 - 0x00007ffa63a89000 	C:\WINDOWS\SYSTEM32\sechost.dll
0x00007ffa65430000 - 0x00007ffa65641000 	C:\WINDOWS\SYSTEM32\combase.dll
0x00007ffa656b0000 - 0x00007ffa657ff000 	C:\WINDOWS\system32\GDI32.dll
0x00007ffa62fa0000 - 0x00007ffa62fb5000 	C:\WINDOWS\SYSTEM32\profapi.dll
0x00007ffa61aa0000 - 0x00007ffa61b52000 	C:\WINDOWS\SYSTEM32\SHCORE.dll
0x00007ffa65330000 - 0x00007ffa65366000 	C:\WINDOWS\system32\IMM32.DLL
0x00007ffa63790000 - 0x00007ffa638e2000 	C:\WINDOWS\system32\MSCTF.dll
0x00007ffa5f980000 - 0x00007ffa5fbfb000 	C:\WINDOWS\WinSxS\amd64_microsoft.windows.common-controls_6595b64144ccf1df_6.0.9600.18006_none_623f33d3ecbe86e8\COMCTL32.dll
0x0000000060150000 - 0x0000000060222000 	C:\jdk1.8\jre\bin\msvcr100.dll
0x000000005f8c0000 - 0x0000000060149000 	C:\jdk1.8\jre\bin\server\jvm.dll
0x00007ffa59970000 - 0x00007ffa59979000 	C:\WINDOWS\SYSTEM32\WSOCK32.dll
0x00007ffa60c70000 - 0x00007ffa60c92000 	C:\WINDOWS\SYSTEM32\WINMM.dll
0x00007ffa613d0000 - 0x00007ffa613da000 	C:\WINDOWS\SYSTEM32\VERSION.dll
0x00007ffa65870000 - 0x00007ffa65877000 	C:\WINDOWS\system32\PSAPI.DLL
0x00007ffa63500000 - 0x00007ffa6355a000 	C:\WINDOWS\system32\WS2_32.dll
0x00007ffa60c40000 - 0x00007ffa60c6a000 	C:\WINDOWS\SYSTEM32\WINMMBASE.dll
0x00007ffa65db0000 - 0x00007ffa65db9000 	C:\WINDOWS\system32\NSI.dll
0x00007ffa630d0000 - 0x00007ffa6311f000 	C:\WINDOWS\SYSTEM32\cfgmgr32.dll
0x00007ffa61dd0000 - 0x00007ffa61df8000 	C:\WINDOWS\SYSTEM32\DEVOBJ.dll
0x000000005f8b0000 - 0x000000005f8bf000 	C:\jdk1.8\jre\bin\verify.dll
0x000000005f880000 - 0x000000005f8a9000 	C:\jdk1.8\jre\bin\java.dll
0x000000005f840000 - 0x000000005f875000 	C:\jdk1.8\jre\bin\jdwp.dll
0x000000005f830000 - 0x000000005f838000 	C:\jdk1.8\jre\bin\npt.dll
0x000000005f810000 - 0x000000005f826000 	C:\jdk1.8\jre\bin\zip.dll
0x000000005f800000 - 0x000000005f809000 	C:\jdk1.8\jre\bin\dt_socket.dll
0x00007ffa59910000 - 0x00007ffa59925000 	C:\WINDOWS\system32\napinsp.dll
0x00007ffa59930000 - 0x00007ffa5994a000 	C:\WINDOWS\system32\pnrpnsp.dll
0x00007ffa5d850000 - 0x00007ffa5d86b000 	C:\WINDOWS\system32\NLAapi.dll
0x00007ffa62890000 - 0x00007ffa628e9000 	C:\WINDOWS\System32\mswsock.dll
0x00007ffa62690000 - 0x00007ffa62734000 	C:\WINDOWS\SYSTEM32\DNSAPI.dll
0x00007ffa59950000 - 0x00007ffa5995d000 	C:\WINDOWS\System32\winrnr.dll
0x00007ffa5c090000 - 0x00007ffa5c0fb000 	C:\WINDOWS\System32\fwpuclnt.dll
0x00007ffa5b110000 - 0x00007ffa5b11a000 	C:\Windows\System32\rasadhlp.dll
0x000000005f7e0000 - 0x000000005f7fa000 	C:\jdk1.8\jre\bin\net.dll
0x00007ffa5c4a0000 - 0x00007ffa5c4ca000 	C:\WINDOWS\SYSTEM32\IPHLPAPI.DLL
0x00007ffa5c490000 - 0x00007ffa5c49a000 	C:\WINDOWS\SYSTEM32\WINNSI.DLL
0x000000005f7b0000 - 0x000000005f7d4000 	C:\jdk1.8\jre\bin\sunec.dll
0x00007ffa628f0000 - 0x00007ffa62910000 	C:\WINDOWS\SYSTEM32\CRYPTSP.dll
0x00007ffa623e0000 - 0x00007ffa62416000 	C:\WINDOWS\system32\rsaenh.dll
0x00007ffa62b50000 - 0x00007ffa62b76000 	C:\WINDOWS\SYSTEM32\bcrypt.dll
0x00007ffa62e70000 - 0x00007ffa62ed3000 	C:\WINDOWS\system32\bcryptprimitives.dll
0x00007ffa62ee0000 - 0x00007ffa62eeb000 	C:\WINDOWS\SYSTEM32\CRYPTBASE.dll
0x00007ffa5c170000 - 0x00007ffa5c186000 	C:\WINDOWS\SYSTEM32\dhcpcsvc6.DLL
0x00007ffa5c150000 - 0x00007ffa5c16a000 	C:\WINDOWS\SYSTEM32\dhcpcsvc.DLL
0x000000005f790000 - 0x000000005f7a1000 	C:\jdk1.8\jre\bin\nio.dll
0x000000005f780000 - 0x000000005f78d000 	C:\jdk1.8\jre\bin\management.dll
0x00007ffa5d310000 - 0x00007ffa5d499000 	C:\WINDOWS\SYSTEM32\dbghelp.dll

VM Arguments:
jvm_args: -agentlib:jdwp=transport=dt_socket,suspend=y,address=localhost:58688 -Dfile.encoding=UTF-8 
java_command: com.moneymachine.spring.DataLoader.Main
java_class_path (initial): \\mbdisk\dev\workspace\DataLoader\target\classes;\\mbdisk\dev\workspace\ObjectPersistanceServiceClient\target\classes;\\mbdisk\dev\workspace\ObjectPersistanceServiceClient\target\test-classes;C:\Users\mbathla\.m2\repository\org\springframework\spring-core\4.3.7.RELEASE\spring-core-4.3.7.RELEASE.jar;C:\Users\mbathla\.m2\repository\commons-logging\commons-logging\1.2\commons-logging-1.2.jar;C:\Users\mbathla\.m2\repository\org\springframework\spring-context\4.3.7.RELEASE\spring-context-4.3.7.RELEASE.jar;C:\Users\mbathla\.m2\repository\org\springframework\spring-aop\4.3.7.RELEASE\spring-aop-4.3.7.RELEASE.jar;C:\Users\mbathla\.m2\repository\org\springframework\spring-expression\4.3.7.RELEASE\spring-expression-4.3.7.RELEASE.jar;C:\Users\mbathla\.m2\repository\org\springframework\spring-beans\4.3.7.RELEASE\spring-beans-4.3.7.RELEASE.jar;C:\Users\mbathla\.m2\repository\org\apache\activemq\activemq-all\5.9.1\activemq-all-5.9.1.jar;C:\Users\mbathla\.m2\repository\org\mongodb\mongodb-driver\3.4.2\mongodb-driver-3.4.2.jar;C:\Users\mbathla\.m2\repository\org\mongodb\bson\3.4.2\bson-3.4.2.jar;C:\Users\mbathla\.m2\repository\org\mongodb\mongodb-driver-core\3.4.2\mongodb-driver-core-3.4.2.jar;C:\Users\mbathla\.m2\repository\com\google\code\gson\gson\2.8.0\gson-2.8.0.jar;C:\Users\mbathla\.m2\repository\junit\junit\3.8.1\junit-3.8.1.jar;C:\Users\mbathla\.m2\repository\org\springframework\boot\spring-boot-starter\1.5.3.RELEASE\spring-boot-starter-1.5.3.RELEASE.jar;C:\Users\mbathla\.m2\repository\org\springframework\boot\spring-boot\1.5.3.RELEASE\spring-boot-1.5.3.RELEASE.jar;C:\Users\mbathla\.m2\repository\org\springframework\boot\spring-boot-autoconfigure\1.5.3.RELEASE\spring-boot-autoconfigure-1.5.3.RELEASE.jar;C:\Users\mbathla\.m2\repository\org\springframework\boot\spring-boot-starter-logging\1.5.3.RELEASE\spring-boot-starter-logging-1.5.3.RELEASE.jar;C:\Users\mbathla\.m2\repository\ch\qos\logback\logback-classic\1.1.11\logback-classic-1.1.11.jar;C:\Us
Launcher Type: SUN_STANDARD

Environment Variables:
PATH=C:\jdk1.8\jre\bin;C:\ProgramData\Oracle\Java\javapath;C:\Program Files (x86)\Intel\iCLS Client\;C:\Program Files\Intel\iCLS Client\;C:\WINDOWS\system32;C:\WINDOWS;C:\WINDOWS\System32\Wbem;C:\WINDOWS\System32\WindowsPowerShell\v1.0\;C:\Program Files\Intel\Intel(R) Management Engine Components\DAL;C:\Program Files\Intel\Intel(R) Management Engine Components\IPT;C:\Program Files (x86)\Intel\Intel(R) Management Engine Components\DAL;C:\Program Files (x86)\Intel\Intel(R) Management Engine Components\IPT
USERNAME=mbathla
OS=Windows_NT
PROCESSOR_IDENTIFIER=Intel64 Family 6 Model 62 Stepping 4, GenuineIntel



---------------  S Y S T E M  ---------------

OS: Windows 8.1 , 64 bit Build 9600 (6.3.9600.17415)

CPU:total 4 (4 cores per cpu, 1 threads per core) family 6 model 62 stepping 4, cmov, cx8, fxsr, mmx, sse, sse2, sse3, ssse3, sse4.1, sse4.2, popcnt, avx, aes, clmul, erms, tsc, tscinvbit

Memory: 4k page, physical 16720104k(11752272k free), swap 19734760k(13897228k free)

vm_info: Java HotSpot(TM) 64-Bit Server VM (25.60-b23) for windows-amd64 JRE (1.8.0_60-b27), built on Aug  4 2015 11:06:27 by "java_re" with MS VC++ 10.0 (VS2010)

time: Tue May 09 21:09:36 2017
elapsed time: 3327 seconds (0d 0h 55m 27s)

